<?xml version="1.0" encoding="UTF-8"?>
<!-- Generated by org.testng.reporters.JUnitReportReporter -->
<testsuite hostname="Arifuls-MBP.lan" failures="0" tests="6" name="unitTest.CountryTest" time="0.726" errors="0" timestamp="2023-03-13T22:09:59 EDT" skipped="5">
  <testcase classname="unitTest.CountryTest" name="getCitiesReoponseValidation" time="0.726"/>
  <system-out/>
  <testcase classname="unitTest.CountryTest" name="getCountryResponseCodeValidationNagetiveTest">
    <skipped/>
  </testcase> <!-- getCountryResponseCodeValidationNagetiveTest -->
  <system-out/>
  <testcase classname="unitTest.CountryTest" name="getCountryVar">
    <skipped/>
  </testcase> <!-- getCountryVar -->
  <system-out/>
  <testcase classname="unitTest.CountryTest" name="getCountryResponseCodeValidation">
    <skipped/>
  </testcase> <!-- getCountryResponseCodeValidation -->
  <system-out/>
  <testcase classname="unitTest.CountryTest" name="getCountryPreetyprint">
    <skipped/>
  </testcase> <!-- getCountryPreetyprint -->
  <system-out/>
  <testcase classname="unitTest.CountryTest" name="getCountrylog">
    <skipped/>
  </testcase> <!-- getCountrylog -->
  <system-out/>
</testsuite> <!-- unitTest.CountryTest -->
